==========================================
DETECTOR POSITIONING FIX VERIFICATION TEST
Starting: Mon Dec  1 14:13:36 GMT 2025
Job ID: 27275191
==========================================
Step 1: Setting up simulation parameters...
Using the SAME detector distances as the failed example:
T1=240, T2=250, T3=570, T4=580 (corrected positions)
P1=215, P2=230 (pizza detectors)
F1=260, F2=270 (forward detectors)
E1=600 (energy threshold)

Step 2: Running corrected simulation pipeline...
ERROR: Simulation failed!

============================
 Job utilisation efficiency
============================

Job ID: 27275191
Cluster: viking2.yor.alces.network
User/Group: bp969/clusterusers
State: FAILED (exit code 1)
Nodes: 1
Cores per node: 8
CPU Utilized: 00:00:03
CPU Efficiency: 0.80% of 00:06:16 core-walltime
Job Wall-clock time: 00:00:47
Memory Utilized: 17.45 MB
Memory Efficiency: 0.11% of 16.00 GB
 Requested wall clock time: 02:00:00
    Actual wall clock time: 00:00:47
Wall clock time efficiency: 0.7%
           Job queued time: 00:00:20
